{
  "stats": {
    "suites": 1,
    "tests": 8,
    "passes": 8,
    "pending": 0,
    "failures": 0,
    "start": "2019-06-06T09:14:58.966Z",
    "end": "2019-06-06T09:15:03.388Z",
    "duration": 4422,
    "testsRegistered": 8,
    "passPercent": 100,
    "pendingPercent": 0,
    "other": 0,
    "hasOther": false,
    "skipped": 0,
    "hasSkipped": false
  },
  "results": [
    {
      "uuid": "c364a9ac-82d8-4c20-ba33-95f0c67be94b",
      "title": "",
      "fullFile": "",
      "file": "",
      "beforeHooks": [],
      "afterHooks": [],
      "tests": [],
      "suites": [
        {
          "uuid": "3a491cac-df87-411a-8932-e52e2147c693",
          "title": "Verify all available Sizes",
          "fullFile": "",
          "file": "",
          "beforeHooks": [],
          "afterHooks": [],
          "tests": [
            {
              "title": "Navigate to Home Page",
              "fullTitle": "Verify all available Sizes Navigate to Home Page",
              "timedOut": null,
              "duration": 2121,
              "state": "passed",
              "speed": "slow",
              "pass": true,
              "fail": false,
              "pending": false,
              "context": null,
              "code": "cy.visit('/');",
              "err": {},
              "uuid": "7bb6a698-406b-4618-a81e-9620e99dc127",
              "parentUUID": "3a491cac-df87-411a-8932-e52e2147c693",
              "isHook": false,
              "skipped": false
            },
            {
              "title": "Verify Size XS",
              "fullTitle": "Verify all available Sizes Verify Size XS",
              "timedOut": null,
              "duration": 588,
              "state": "passed",
              "speed": "slow",
              "pass": true,
              "fail": false,
              "pending": false,
              "context": null,
              "code": "cy.get('.checkmark').contains('XS').contains('XS');",
              "err": {},
              "uuid": "8ae06c90-7d2d-4802-9ebe-54086c06a75f",
              "parentUUID": "3a491cac-df87-411a-8932-e52e2147c693",
              "isHook": false,
              "skipped": false
            },
            {
              "title": "Verify Size S",
              "fullTitle": "Verify all available Sizes Verify Size S",
              "timedOut": null,
              "duration": 142,
              "state": "passed",
              "speed": "slow",
              "pass": true,
              "fail": false,
              "pending": false,
              "context": null,
              "code": "cy.get('.checkmark').contains('S').contains('S');",
              "err": {},
              "uuid": "640fdd6e-ad00-4f66-978f-cd403d78ad59",
              "parentUUID": "3a491cac-df87-411a-8932-e52e2147c693",
              "isHook": false,
              "skipped": false
            },
            {
              "title": "Verify Size M",
              "fullTitle": "Verify all available Sizes Verify Size M",
              "timedOut": null,
              "duration": 104,
              "state": "passed",
              "speed": "slow",
              "pass": true,
              "fail": false,
              "pending": false,
              "context": null,
              "code": "cy.get('.checkmark').contains('M').contains('M');",
              "err": {},
              "uuid": "8c5a13f4-0cfd-4859-a2ed-2abbcabe5290",
              "parentUUID": "3a491cac-df87-411a-8932-e52e2147c693",
              "isHook": false,
              "skipped": false
            },
            {
              "title": "Verify Size ML",
              "fullTitle": "Verify all available Sizes Verify Size ML",
              "timedOut": null,
              "duration": 211,
              "state": "passed",
              "speed": "slow",
              "pass": true,
              "fail": false,
              "pending": false,
              "context": null,
              "code": "cy.get('.checkmark').contains('ML').contains('ML');",
              "err": {},
              "uuid": "1a770188-e0c1-4d2d-af1d-da9c8e82521c",
              "parentUUID": "3a491cac-df87-411a-8932-e52e2147c693",
              "isHook": false,
              "skipped": false
            },
            {
              "title": "Verify Size L",
              "fullTitle": "Verify all available Sizes Verify Size L",
              "timedOut": null,
              "duration": 81,
              "state": "passed",
              "speed": "slow",
              "pass": true,
              "fail": false,
              "pending": false,
              "context": null,
              "code": "cy.get('.checkmark').contains('L').contains('L');",
              "err": {},
              "uuid": "18e41bc9-d08e-4a25-b0e3-1e44fb0dbf56",
              "parentUUID": "3a491cac-df87-411a-8932-e52e2147c693",
              "isHook": false,
              "skipped": false
            },
            {
              "title": "Verify Size XL",
              "fullTitle": "Verify all available Sizes Verify Size XL",
              "timedOut": null,
              "duration": 713,
              "state": "passed",
              "speed": "slow",
              "pass": true,
              "fail": false,
              "pending": false,
              "context": null,
              "code": "cy.get('.checkmark').contains('XL').contains('XL');",
              "err": {},
              "uuid": "4f43fdfa-7aa6-4a1a-9991-224fc5730da4",
              "parentUUID": "3a491cac-df87-411a-8932-e52e2147c693",
              "isHook": false,
              "skipped": false
            },
            {
              "title": "Verify Size XXL",
              "fullTitle": "Verify all available Sizes Verify Size XXL",
              "timedOut": null,
              "duration": 139,
              "state": "passed",
              "speed": "slow",
              "pass": true,
              "fail": false,
              "pending": false,
              "context": null,
              "code": "cy.get('.checkmark').contains('XXL').contains('XXL');",
              "err": {},
              "uuid": "b892fc3b-7ca4-48c5-8c84-5c7c61861a85",
              "parentUUID": "3a491cac-df87-411a-8932-e52e2147c693",
              "isHook": false,
              "skipped": false
            }
          ],
          "suites": [],
          "passes": [
            "7bb6a698-406b-4618-a81e-9620e99dc127",
            "8ae06c90-7d2d-4802-9ebe-54086c06a75f",
            "640fdd6e-ad00-4f66-978f-cd403d78ad59",
            "8c5a13f4-0cfd-4859-a2ed-2abbcabe5290",
            "1a770188-e0c1-4d2d-af1d-da9c8e82521c",
            "18e41bc9-d08e-4a25-b0e3-1e44fb0dbf56",
            "4f43fdfa-7aa6-4a1a-9991-224fc5730da4",
            "b892fc3b-7ca4-48c5-8c84-5c7c61861a85"
          ],
          "failures": [],
          "pending": [],
          "skipped": [],
          "duration": 4099,
          "root": false,
          "rootEmpty": false,
          "_timeout": 2000
        }
      ],
      "passes": [],
      "failures": [],
      "pending": [],
      "skipped": [],
      "duration": 0,
      "root": true,
      "rootEmpty": true,
      "_timeout": 2000
    }
  ],
  "meta": {
    "mocha": {
      "version": "5.2.0"
    },
    "mochawesome": {
      "options": {
        "quiet": false,
        "reportFilename": "Sample-Tests",
        "saveHtml": true,
        "saveJson": true,
        "useInlineDiffs": false
      },
      "version": "4.0.0"
    },
    "marge": {
      "options": {
        "reportFilename": "Sample-Tests",
        "overwrite": true,
        "inline": true
      },
      "version": "4.0.0"
    }
  }
}